2023-04-10 10:51:06,928 [Worker-4: Loading available Gradle versions] INFO  o.e.b.c.i.u.g.PublishedGradleVersions - Gradle version information cache is out-of-date. Trying to update.
2023-04-10 12:58:10,047 [Worker-56: Debug Source Lookup] INFO  o.e.m.c.i.e.AbstractTransferListenerAdapter - Downloading https://repo.maven.apache.org/maven2/org/springframework/spring-beans/5.2.9.RELEASE/spring-beans-5.2.9.RELEASE-sources.jar
2023-04-10 12:58:10,047 [Worker-54: Label Job] INFO  o.e.m.c.i.e.AbstractTransferListenerAdapter - Downloading https://repo.maven.apache.org/maven2/org/springframework/spring-beans/5.2.9.RELEASE/spring-beans-5.2.9.RELEASE-sources.jar
2023-04-10 12:58:10,126 [Worker-56: Debug Source Lookup] INFO  o.e.m.c.i.e.AbstractTransferListenerAdapter - Downloaded https://repo.maven.apache.org/maven2/org/springframework/spring-beans/5.2.9.RELEASE/spring-beans-5.2.9.RELEASE-sources.jar
2023-04-10 12:58:10,130 [Worker-54: Label Job] INFO  o.e.m.c.i.e.AbstractTransferListenerAdapter - Downloaded https://repo.maven.apache.org/maven2/org/springframework/spring-beans/5.2.9.RELEASE/spring-beans-5.2.9.RELEASE-sources.jar
2023-04-10 12:58:10,136 [Worker-54: Label Job] WARN  o.e.a.i.impl.TrackingFileManager - Failed to write tracking file C:\Users\Administrator\.m2\repository\org\springframework\spring-beans\5.2.9.RELEASE\spring-beans-5.2.9.RELEASE-sources.jar.lastUpdated
java.io.FileNotFoundException: C:\Users\Administrator\.m2\repository\org\springframework\spring-beans\5.2.9.RELEASE\spring-beans-5.2.9.RELEASE-sources.jar.lastUpdated (Access is denied)
	at java.base/java.io.RandomAccessFile.open0(Native Method)
	at java.base/java.io.RandomAccessFile.open(RandomAccessFile.java:344)
	at java.base/java.io.RandomAccessFile.<init>(RandomAccessFile.java:259)
	at java.base/java.io.RandomAccessFile.<init>(RandomAccessFile.java:213)
	at org.eclipse.aether.internal.impl.TrackingFileManager.update(TrackingFileManager.java:86)
	at org.eclipse.aether.internal.impl.DefaultUpdateCheckManager.write(DefaultUpdateCheckManager.java:590)
	at org.eclipse.aether.internal.impl.DefaultUpdateCheckManager.touchArtifact(DefaultUpdateCheckManager.java:526)
	at org.eclipse.aether.internal.impl.DefaultArtifactResolver.evaluateDownloads(DefaultArtifactResolver.java:634)
	at org.eclipse.aether.internal.impl.DefaultArtifactResolver.performDownloads(DefaultArtifactResolver.java:525)
	at org.eclipse.aether.internal.impl.DefaultArtifactResolver.resolve(DefaultArtifactResolver.java:402)
	at org.eclipse.aether.internal.impl.DefaultArtifactResolver.resolveArtifacts(DefaultArtifactResolver.java:229)
	at org.eclipse.aether.internal.impl.DefaultArtifactResolver.resolveArtifact(DefaultArtifactResolver.java:207)
	at org.eclipse.aether.internal.impl.DefaultRepositorySystem.resolveArtifact(DefaultRepositorySystem.java:262)
	at org.eclipse.m2e.core.internal.embedder.MavenImpl.lambda$6(MavenImpl.java:565)
	at org.eclipse.m2e.core.internal.embedder.MavenExecutionContext.executeBare(MavenExecutionContext.java:364)
	at org.eclipse.m2e.core.internal.embedder.MavenExecutionContext.execute(MavenExecutionContext.java:274)
	at org.eclipse.m2e.core.internal.embedder.MavenExecutionContext.execute(MavenExecutionContext.java:213)
	at org.eclipse.m2e.core.internal.embedder.MavenImpl.resolve(MavenImpl.java:556)
	at org.eclipse.m2e.core.internal.embedder.MavenImpl.resolve(MavenImpl.java:541)
	at org.eclipse.m2e.sourcelookup.internal.MavenArtifactIdentifier.resolveSourceLocation(MavenArtifactIdentifier.java:156)
	at org.eclipse.m2e.sourcelookup.internal.launch.MavenSourceContainerResolver.resolveSourceContainer(MavenSourceContainerResolver.java:65)
	at org.eclipse.m2e.sourcelookup.internal.launch.MavenSourceContainerResolver.resolveSourceContainers(MavenSourceContainerResolver.java:46)
	at org.eclipse.jdt.launching.sourcelookup.advanced.AdvancedSourceLookupParticipant.getSourceContainer(AdvancedSourceLookupParticipant.java:144)
	at org.eclipse.jdt.launching.sourcelookup.advanced.AdvancedSourceLookupParticipant.findSourceElements(AdvancedSourceLookupParticipant.java:72)
	at org.eclipse.debug.core.sourcelookup.AbstractSourceLookupDirector$SourceLookupQuery.run(AbstractSourceLookupDirector.java:138)
	at org.eclipse.core.runtime.SafeRunner.run(SafeRunner.java:45)
	at org.eclipse.debug.core.sourcelookup.AbstractSourceLookupDirector.doSourceLookup(AbstractSourceLookupDirector.java:473)
	at org.eclipse.debug.core.sourcelookup.AbstractSourceLookupDirector.getSourceElement(AbstractSourceLookupDirector.java:714)
	at org.eclipse.debug.internal.ui.sourcelookup.SourceLookupFacility.lookup(SourceLookupFacility.java:303)
	at org.eclipse.debug.ui.DebugUITools.lookupSource(DebugUITools.java:1229)
	at org.eclipse.jdt.internal.debug.ui.JavaDebugOptionsManager.getProblem(JavaDebugOptionsManager.java:718)
	at org.eclipse.jdt.internal.debug.ui.JDIModelPresentation.getThreadText(JDIModelPresentation.java:355)
	at org.eclipse.jdt.internal.debug.ui.JDIModelPresentation.getText(JDIModelPresentation.java:252)
	at org.eclipse.debug.internal.ui.LazyModelPresentation.getText(LazyModelPresentation.java:188)
	at org.eclipse.debug.internal.ui.DelegatingModelPresentation.getText(DelegatingModelPresentation.java:151)
	at org.eclipse.debug.internal.ui.model.elements.DebugElementLabelProvider.getLabel(DebugElementLabelProvider.java:39)
	at org.eclipse.debug.internal.ui.model.elements.ElementLabelProvider.getLabel(ElementLabelProvider.java:297)
	at org.eclipse.debug.internal.ui.model.elements.ElementLabelProvider.retrieveLabel(ElementLabelProvider.java:200)
	at org.eclipse.debug.internal.ui.model.elements.ElementLabelProvider$LabelUpdater.run(ElementLabelProvider.java:147)
	at org.eclipse.debug.internal.ui.model.elements.ElementLabelProvider$LabelJob.run(ElementLabelProvider.java:74)
	at org.eclipse.core.internal.jobs.Worker.run(Worker.java:63)
2023-04-12 12:30:27,396 [Worker-0: Loading available Gradle versions] INFO  o.e.b.c.i.u.g.PublishedGradleVersions - Gradle version information cache is up-to-date. Trying to read.
2023-04-12 12:38:54,196 [Worker-49: https://ftp.jaist.ac.jp/pub/eclipse/releases/2022-12/202212071000/features/org.eclipse.jst.enterprise_core.feature_3.28.0.v202209230232.jar] INFO  o.a.h.c.h.i.c.HttpRequestRetryExec - Recoverable I/O exception (org.apache.hc.core5.http.NoHttpResponseException) caught when processing request to {s}->https://ftp.jaist.ac.jp:443
2023-04-12 12:38:59,938 [Worker-53: https://ftp.jaist.ac.jp/pub/eclipse/releases/2022-12/202212071000/plugins/org.eclipse.jst.server.generic.ui_1.0.700.v201910252115.jar] INFO  o.a.h.c.h.i.c.HttpRequestRetryExec - Recoverable I/O exception (org.apache.hc.core5.http.NoHttpResponseException) caught when processing request to {s}->https://ftp.jaist.ac.jp:443
2023-04-12 12:39:03,148 [Worker-65: https://ftp.jaist.ac.jp/pub/eclipse/releases/2022-12/202212071000/plugins/org.eclipse.jst.ws_1.0.1000.v202104210249.jar] INFO  o.a.h.c.h.i.c.HttpRequestRetryExec - Recoverable I/O exception (org.apache.hc.core5.http.NoHttpResponseException) caught when processing request to {s}->https://ftp.jaist.ac.jp:443
2023-04-12 12:39:03,314 [Worker-46: https://ftp.jaist.ac.jp/pub/eclipse/releases/2022-12/202212071000/plugins/org.eclipse.jst.ws.axis.consumption.core_1.0.600.v201910301957.jar] INFO  o.a.h.c.h.i.c.HttpRequestRetryExec - Recoverable I/O exception (org.apache.hc.core5.http.NoHttpResponseException) caught when processing request to {s}->https://ftp.jaist.ac.jp:443
2023-04-12 12:39:14,709 [Worker-57: https://ftp.jaist.ac.jp/pub/eclipse/releases/2022-12/202212071000/plugins/org.eclipse.wst.doc.user_1.2.0.v201903222120.jar] INFO  o.a.h.c.h.i.c.HttpRequestRetryExec - Recoverable I/O exception (org.apache.hc.core5.http.NoHttpResponseException) caught when processing request to {s}->https://ftp.jaist.ac.jp:443
2023-04-12 12:39:20,881 [Worker-59: https://ftp.jaist.ac.jp/pub/eclipse/releases/2022-12/202212071000/plugins/org.eclipse.wst.json.npm.ui_1.0.200.v202211200019.jar] INFO  o.a.h.c.h.i.c.HttpRequestRetryExec - Recoverable I/O exception (org.apache.hc.core5.http.NoHttpResponseException) caught when processing request to {s}->https://ftp.jaist.ac.jp:443
2023-04-12 12:39:21,215 [Worker-62: https://ftp.jaist.ac.jp/pub/eclipse/releases/2022-12/202212071000/plugins/org.eclipse.wst.json.schemaprocessor_1.0.300.v202211200019.jar] INFO  o.a.h.c.h.i.c.HttpRequestRetryExec - Recoverable I/O exception (org.apache.hc.core5.http.NoHttpResponseException) caught when processing request to {s}->https://ftp.jaist.ac.jp:443
2023-04-12 12:39:23,737 [Worker-60: https://ftp.jaist.ac.jp/pub/eclipse/releases/2022-12/202212071000/features/org.eclipse.wst.server_ui.feature_3.3.1400.v202211100535.jar] INFO  o.a.h.c.h.i.c.HttpRequestRetryExec - Recoverable I/O exception (org.apache.hc.core5.http.NoHttpResponseException) caught when processing request to {s}->https://ftp.jaist.ac.jp:443
2023-04-12 12:39:24,591 [Worker-57: https://ftp.jaist.ac.jp/pub/eclipse/releases/2022-12/202212071000/plugins/org.eclipse.wst.validation_1.2.801.v202007142017.jar] INFO  o.a.h.c.h.i.c.HttpRequestRetryExec - Recoverable I/O exception (org.apache.hc.core5.http.NoHttpResponseException) caught when processing request to {s}->https://ftp.jaist.ac.jp:443
2023-04-12 12:42:04,179 [Worker-2: Loading available Gradle versions] INFO  o.e.b.c.i.u.g.PublishedGradleVersions - Gradle version information cache is up-to-date. Trying to read.
2023-04-17 09:39:56,297 [Worker-1: Loading available Gradle versions] INFO  o.e.b.c.i.u.g.PublishedGradleVersions - Gradle version information cache is out-of-date. Trying to update.
